2014-04-27 21:47:34.341 HealthMeasure[47012:70b] Multi-tasking -> Device: YES, App: YES
2014-04-27 21:47:34.454 HealthMeasure[47012:70b] Unlimited access to network resources
2014-04-27 21:47:35.014 HealthMeasure[47012:70b] Resetting plugins due to page load.
2014-04-27 21:47:35.164 HealthMeasure[47012:70b] Finished load of: file:///Users/festiz/Library/Application%20Support/iPhone%20Simulator/7.1/Applications/483CE1A2-70BA-4A48-B4B7-7D9095F8597A/HealthMeasure.app/www/index.html
2014-04-27 22:23:16.630 HealthMeasure[47608:70b] *** Terminating app due to uncaught exception 'NSUnknownKeyException', reason: '[<UIApplication 0xa231450> setValue:forUndefinedKey:]: this class is not key value coding-compliant for the key view.'
*** First throw call stack:
(
	0   CoreFoundation                      0x000cb1e4 __exceptionPreprocess + 180
	1   libobjc.A.dylib                     0x01d018e5 objc_exception_throw + 44
	2   CoreFoundation                      0x0015afe1 -[NSException raise] + 17
	3   Foundation                          0x019c1d9e -[NSObject(NSKeyValueCoding) setValue:forUndefinedKey:] + 282
	4   Foundation                          0x0192e1d7 _NSSetUsingKeyValueSetter + 88
	5   Foundation                          0x0192d731 -[NSObject(NSKeyValueCoding) setValue:forKey:] + 267
	6   Foundation                          0x0198fb0a -[NSObject(NSKeyValueCoding) setValue:forKeyPath:] + 412
	7   UIKit                               0x005e91f4 -[UIRuntimeOutletConnection connect] + 106
	8   libobjc.A.dylib                     0x01d137de -[NSObject performSelector:] + 62
	9   CoreFoundation                      0x000c676a -[NSArray makeObjectsPerformSelector:] + 314
	10  UIKit                               0x005e7d4d -[UINib instantiateWithOwner:options:] + 1417
	11  UIKit                               0x005e9ada -[NSBundle(UINSBundleAdditions) loadNibNamed:owner:options:] + 165
	12  UIKit                               0x0033261b -[UIApplication _loadMainNibFileNamed:bundle:] + 58
	13  UIKit                               0x00332949 -[UIApplication _loadMainInterfaceFile] + 245
	14  UIKit                               0x0033154e -[UIApplication _runWithURL:payload:launchOrientation:statusBarStyle:statusBarHidden:] + 543
	15  UIKit                               0x00345f92 -[UIApplication handleEvent:withNewEvent:] + 3517
	16  UIKit                               0x00346555 -[UIApplication sendEvent:] + 85
	17  UIKit                               0x00333250 _UIApplicationHandleEvent + 683
	18  GraphicsServices                    0x031cef02 _PurpleEventCallback + 776
	19  GraphicsServices                    0x031cea0d PurpleEventCallback + 46
	20  CoreFoundation                      0x00046ca5 __CFRUNLOOP_IS_CALLING_OUT_TO_A_SOURCE1_PERFORM_FUNCTION__ + 53
	21  CoreFoundation                      0x000469db __CFRunLoopDoSource1 + 523
	22  CoreFoundation                      0x0007168c __CFRunLoopRun + 2156
	23  CoreFoundation                      0x000709d3 CFRunLoopRunSpecific + 467
	24  CoreFoundation                      0x000707eb CFRunLoopRunInMode + 123
	25  UIKit                               0x00330d9c -[UIApplication _run] + 840
	26  UIKit                               0x00332f9b UIApplicationMain + 1225
	27  HealthMeasure                       0x000209fc main + 92
	28  libdyld.dylib                       0x02509701 start + 1
)
libc++abi.dylib: terminating with uncaught exception of type NSException
